<?xml version="1.0" encoding="UTF-8"?>
<testsuite name="com.dcnt.take_away_now.DineroTests" tests="8" skipped="0" failures="0" errors="0" timestamp="2024-01-16T23:38:52" hostname="DESKTOP-FB7HCB6" time="0.218">
  <properties/>
  <testcase name="noPuedoMultiplicarDineroPorUnNumeroNegativo()" classname="com.dcnt.take_away_now.DineroTests" time="0.177"/>
  <testcase name="tengoDosPesosLoMultiplicoPorCincoYObtengoDiezPesos()" classname="com.dcnt.take_away_now.DineroTests" time="0.007"/>
  <testcase name="conviertoDosPesosEnDineroABigDecimal()" classname="com.dcnt.take_away_now.DineroTests" time="0.008"/>
  <testcase name="noPuedoTenerDineroNegativo()" classname="com.dcnt.take_away_now.DineroTests" time="0.002"/>
  <testcase name="noPuedoMultiplicarDineroPorCero()" classname="com.dcnt.take_away_now.DineroTests" time="0.002"/>
  <testcase name="tengoDosPesosLeSumoTresPesosYObtengoCincoPesos()" classname="com.dcnt.take_away_now.DineroTests" time="0.002"/>
  <testcase name="contextLoads()" classname="com.dcnt.take_away_now.DineroTests" time="0.001"/>
  <testcase name="conviertoVariableBigDecimalConValIgualADosAValueObjectDineroConMontoIgualADos()" classname="com.dcnt.take_away_now.DineroTests" time="0.002"/>
  <system-out><![CDATA[]]></system-out>
  <system-err><![CDATA[]]></system-err>
</testsuite>
