<?xml version="1.0" encoding="UTF-8"?>
<testsuite name="com.dcnt.take_away_now.controller.NegocioControllerTest" tests="9" skipped="0" failures="0" errors="0" timestamp="2024-01-22T23:31:35" hostname="DESKTOP-FB7HCB6" time="0.508">
  <properties/>
  <testcase name="modificarHorariosDelNegocio()" classname="com.dcnt.take_away_now.controller.NegocioControllerTest" time="0.086"/>
  <testcase name="eliminarProducto()" classname="com.dcnt.take_away_now.controller.NegocioControllerTest" time="0.021"/>
  <testcase name="sePuedeCrearProductoNuevo()" classname="com.dcnt.take_away_now.controller.NegocioControllerTest" time="0.243"/>
  <testcase name="obtenerProductos()" classname="com.dcnt.take_away_now.controller.NegocioControllerTest" time="0.082"/>
  <testcase name="sePuedeCrearNegocio()" classname="com.dcnt.take_away_now.controller.NegocioControllerTest" time="0.008"/>
  <testcase name="modificarProducto()" classname="com.dcnt.take_away_now.controller.NegocioControllerTest" time="0.005"/>
  <testcase name="noSePuedeCrearNegocioSiFaltanDatos()" classname="com.dcnt.take_away_now.controller.NegocioControllerTest" time="0.014"/>
  <testcase name="modificarDiasDeAperturaDelNegocio()" classname="com.dcnt.take_away_now.controller.NegocioControllerTest" time="0.013"/>
  <testcase name="obtenerNegocios()" classname="com.dcnt.take_away_now.controller.NegocioControllerTest" time="0.013"/>
  <system-out><![CDATA[2024-01-22T20:31:33.867-03:00  INFO 16824 --- [    Test worker] t.c.s.AnnotationConfigContextLoaderUtils : Could not detect default configuration classes for test class [com.dcnt.take_away_now.controller.NegocioControllerTest]: NegocioControllerTest does not declare any static, non-private, non-final, nested classes annotated with @Configuration.
2024-01-22T20:31:33.961-03:00  INFO 16824 --- [    Test worker] .b.t.c.SpringBootTestContextBootstrapper : Found @SpringBootConfiguration com.dcnt.take_away_now.TakeAwayNowApplication for test class com.dcnt.take_away_now.controller.NegocioControllerTest

  .   ____          _            __ _ _
 /\\ / ___'_ __ _ _(_)_ __  __ _ \ \ \ \
( ( )\___ | '_ | '_| | '_ \/ _` | \ \ \ \
 \\/  ___)| |_)| | | | | || (_| |  ) ) ) )
  '  |____| .__|_| |_|_| |_\__, | / / / /
 =========|_|==============|___/=/_/_/_/
 :: Spring Boot ::                (v3.2.0)

2024-01-22T20:31:34.019-03:00  INFO 16824 --- [    Test worker] c.d.t.controller.NegocioControllerTest   : Starting NegocioControllerTest using Java 17.0.9 with PID 16824 (started by santiago in C:\Users\santiago\OneDrive\Escritorio\take_away_now\take_away_now)
2024-01-22T20:31:34.019-03:00  INFO 16824 --- [    Test worker] c.d.t.controller.NegocioControllerTest   : No active profile set, falling back to 1 default profile: "default"
2024-01-22T20:31:35.154-03:00  INFO 16824 --- [    Test worker] o.s.b.t.m.w.SpringBootMockServletContext : Initializing Spring TestDispatcherServlet ''
2024-01-22T20:31:35.155-03:00  INFO 16824 --- [    Test worker] o.s.t.web.servlet.TestDispatcherServlet  : Initializing Servlet ''
2024-01-22T20:31:35.158-03:00  INFO 16824 --- [    Test worker] o.s.t.web.servlet.TestDispatcherServlet  : Completed initialization in 1 ms
2024-01-22T20:31:35.182-03:00  INFO 16824 --- [    Test worker] c.d.t.controller.NegocioControllerTest   : Started NegocioControllerTest in 1.214 seconds (process running for 16.421)
2024-01-22T20:31:35.674-03:00  WARN 16824 --- [    Test worker] .w.s.m.s.DefaultHandlerExceptionResolver : Resolved [org.springframework.web.bind.MissingServletRequestParameterException: Required request parameter 'nombre' for method parameter type String is not present]
]]></system-out>
  <system-err><![CDATA[]]></system-err>
</testsuite>
