<?xml version="1.0" encoding="UTF-8"?>
<testsuite name="com.dcnt.take_away_now.controller.NegocioControllerTest" tests="9" skipped="0" failures="0" errors="0" timestamp="2024-01-16T23:39:11" hostname="DESKTOP-FB7HCB6" time="0.82">
  <properties/>
  <testcase name="modificarHorariosDelNegocio()" classname="com.dcnt.take_away_now.controller.NegocioControllerTest" time="0.093"/>
  <testcase name="eliminarProducto()" classname="com.dcnt.take_away_now.controller.NegocioControllerTest" time="0.035"/>
  <testcase name="sePuedeCrearProductoNuevo()" classname="com.dcnt.take_away_now.controller.NegocioControllerTest" time="0.485"/>
  <testcase name="obtenerProductos()" classname="com.dcnt.take_away_now.controller.NegocioControllerTest" time="0.072"/>
  <testcase name="sePuedeCrearNegocio()" classname="com.dcnt.take_away_now.controller.NegocioControllerTest" time="0.009"/>
  <testcase name="modificarProducto()" classname="com.dcnt.take_away_now.controller.NegocioControllerTest" time="0.005"/>
  <testcase name="noSePuedeCrearNegocioSiFaltanDatos()" classname="com.dcnt.take_away_now.controller.NegocioControllerTest" time="0.014"/>
  <testcase name="modificarDiasDeAperturaDelNegocio()" classname="com.dcnt.take_away_now.controller.NegocioControllerTest" time="0.05"/>
  <testcase name="obtenerNegocios()" classname="com.dcnt.take_away_now.controller.NegocioControllerTest" time="0.016"/>
  <system-out><![CDATA[2024-01-16T20:39:10.523-03:00  INFO 20888 --- [    Test worker] t.c.s.AnnotationConfigContextLoaderUtils : Could not detect default configuration classes for test class [com.dcnt.take_away_now.controller.NegocioControllerTest]: NegocioControllerTest does not declare any static, non-private, non-final, nested classes annotated with @Configuration.
2024-01-16T20:39:10.576-03:00  INFO 20888 --- [    Test worker] .b.t.c.SpringBootTestContextBootstrapper : Found @SpringBootConfiguration com.dcnt.take_away_now.TakeAwayNowApplication for test class com.dcnt.take_away_now.controller.NegocioControllerTest

  .   ____          _            __ _ _
 /\\ / ___'_ __ _ _(_)_ __  __ _ \ \ \ \
( ( )\___ | '_ | '_| | '_ \/ _` | \ \ \ \
 \\/  ___)| |_)| | | | | || (_| |  ) ) ) )
  '  |____| .__|_| |_|_| |_\__, | / / / /
 =========|_|==============|___/=/_/_/_/
 :: Spring Boot ::                (v3.2.0)

2024-01-16T20:39:10.638-03:00  INFO 20888 --- [    Test worker] c.d.t.controller.NegocioControllerTest   : Starting NegocioControllerTest using Java 17.0.9 with PID 20888 (started by santiago in C:\Users\santiago\OneDrive\Escritorio\take_away_now\take_away_now)
2024-01-16T20:39:10.638-03:00  INFO 20888 --- [    Test worker] c.d.t.controller.NegocioControllerTest   : No active profile set, falling back to 1 default profile: "default"
2024-01-16T20:39:11.930-03:00  INFO 20888 --- [    Test worker] o.s.b.t.m.w.SpringBootMockServletContext : Initializing Spring TestDispatcherServlet ''
2024-01-16T20:39:11.931-03:00  INFO 20888 --- [    Test worker] o.s.t.web.servlet.TestDispatcherServlet  : Initializing Servlet ''
2024-01-16T20:39:11.935-03:00  INFO 20888 --- [    Test worker] o.s.t.web.servlet.TestDispatcherServlet  : Completed initialization in 1 ms
2024-01-16T20:39:11.965-03:00  INFO 20888 --- [    Test worker] c.d.t.controller.NegocioControllerTest   : Started NegocioControllerTest in 1.38 seconds (process running for 21.317)
2024-01-16T20:39:12.725-03:00  WARN 20888 --- [    Test worker] .w.s.m.s.DefaultHandlerExceptionResolver : Resolved [org.springframework.web.bind.MissingServletRequestParameterException: Required request parameter 'nombre' for method parameter type String is not present]
]]></system-out>
  <system-err><![CDATA[]]></system-err>
</testsuite>
