<?xml version="1.0" encoding="UTF-8"?>
<testsuite name="com.dcnt.take_away_now.service.PedidoServiceTest" tests="10" skipped="0" failures="0" errors="0" timestamp="2024-01-18T14:53:30" hostname="DESKTOP-FB7HCB6" time="0.386">
  <properties/>
  <testcase name="noSePuedeConfirmarUnPedidoParaEstosProductosPorqueNoEsUnProductoDelNegocio()" classname="com.dcnt.take_away_now.service.PedidoServiceTest" time="0.015"/>
  <testcase name="noSePuedeConfirmarUnPedidoParaEstosProductosPorqueNoHayStockSuficiente()" classname="com.dcnt.take_away_now.service.PedidoServiceTest" time="0.024"/>
  <testcase name="noEsUnProductoDeEseNegocio()" classname="com.dcnt.take_away_now.service.PedidoServiceTest" time="0.011"/>
  <testcase name="verificarPedidoLanzaQueNoExisteCliente()" classname="com.dcnt.take_away_now.service.PedidoServiceTest" time="0.039"/>
  <testcase name="sePuedeConfirmarUnPedidoParaEstosProductos()" classname="com.dcnt.take_away_now.service.PedidoServiceTest" time="0.163"/>
  <testcase name="verificarPedidoLanzaQueNoExisteNegocio()" classname="com.dcnt.take_away_now.service.PedidoServiceTest" time="0.021"/>
  <testcase name="esUnProductoDeEseNegocio()" classname="com.dcnt.take_away_now.service.PedidoServiceTest" time="0.029"/>
  <testcase name="verificarPedido()" classname="com.dcnt.take_away_now.service.PedidoServiceTest" time="0.029"/>
  <testcase name="sePuedeConfirmarPedido()" classname="com.dcnt.take_away_now.service.PedidoServiceTest" time="0.027"/>
  <testcase name="obtenerPedidos()" classname="com.dcnt.take_away_now.service.PedidoServiceTest" time="0.015"/>
  <system-out><![CDATA[2024-01-18T11:53:30.282-03:00  INFO 14192 --- [    Test worker] t.c.s.AnnotationConfigContextLoaderUtils : Could not detect default configuration classes for test class [com.dcnt.take_away_now.service.PedidoServiceTest]: PedidoServiceTest does not declare any static, non-private, non-final, nested classes annotated with @Configuration.
2024-01-18T11:53:30.313-03:00  INFO 14192 --- [    Test worker] .b.t.c.SpringBootTestContextBootstrapper : Found @SpringBootConfiguration com.dcnt.take_away_now.TakeAwayNowApplication for test class com.dcnt.take_away_now.service.PedidoServiceTest
Hibernate: 
    insert 
    into
        clientes
        (pdc, saldo, usuario, id_cliente) 
    values
        (?, ?, ?, default)
Hibernate: 
    insert 
    into
        negocios
        (dia_apertura, dia_cierre, horario_apertura, horario_cierre, nombre, saldo, id_negocio) 
    values
        (?, ?, ?, ?, ?, ?, default)
Hibernate: 
    insert 
    into
        productos
        (id_inventario_registro, nombre, id_producto) 
    values
        (?, ?, default)
Hibernate: 
    select
        ir1_0.id_inventario_registro 
    from
        inventario_registros ir1_0 
    where
        ir1_0.id_negocio=? 
        and ir1_0.id_producto=? 
    fetch
        first ? rows only
Hibernate: 
    insert 
    into
        clientes
        (pdc, saldo, usuario, id_cliente) 
    values
        (?, ?, ?, default)
Hibernate: 
    insert 
    into
        negocios
        (dia_apertura, dia_cierre, horario_apertura, horario_cierre, nombre, saldo, id_negocio) 
    values
        (?, ?, ?, ?, ?, ?, default)
Hibernate: 
    insert 
    into
        productos
        (id_inventario_registro, nombre, id_producto) 
    values
        (?, ?, default)
Hibernate: 
    select
        p1_0.id_producto,
        p1_0.id_inventario_registro,
        p1_0.nombre 
    from
        productos p1_0 
    where
        p1_0.nombre=?
Hibernate: 
    insert 
    into
        inventario_registros
        (id_negocio, precio_unitario, id_producto, recompensa_pdc, stock, id_inventario_registro) 
    values
        (?, ?, ?, ?, ?, default)
Hibernate: 
    insert 
    into
        productos
        (id_inventario_registro, nombre, id_producto) 
    values
        (?, ?, default)
Hibernate: 
    update
        inventario_registros 
    set
        id_negocio=?,
        precio_unitario=?,
        id_producto=?,
        recompensa_pdc=?,
        stock=? 
    where
        id_inventario_registro=?
Hibernate: 
    update
        productos 
    set
        id_inventario_registro=?,
        nombre=? 
    where
        id_producto=?
Hibernate: 
    select
        p1_0.id_producto,
        p1_0.id_inventario_registro,
        p1_0.nombre 
    from
        productos p1_0 
    where
        p1_0.nombre=?
Hibernate: 
    select
        ir1_0.id_inventario_registro 
    from
        inventario_registros ir1_0 
    where
        ir1_0.id_negocio=? 
        and ir1_0.id_producto=? 
    fetch
        first ? rows only
Hibernate: 
    select
        ir1_0.id_inventario_registro,
        ir1_0.id_negocio,
        ir1_0.precio_unitario,
        ir1_0.id_producto,
        ir1_0.recompensa_pdc,
        ir1_0.stock 
    from
        inventario_registros ir1_0 
    where
        ir1_0.id_negocio=? 
        and ir1_0.id_producto=?
Hibernate: 
    insert 
    into
        clientes
        (pdc, saldo, usuario, id_cliente) 
    values
        (?, ?, ?, default)
Hibernate: 
    insert 
    into
        negocios
        (dia_apertura, dia_cierre, horario_apertura, horario_cierre, nombre, saldo, id_negocio) 
    values
        (?, ?, ?, ?, ?, ?, default)
Hibernate: 
    insert 
    into
        productos
        (id_inventario_registro, nombre, id_producto) 
    values
        (?, ?, default)
Hibernate: 
    select
        ir1_0.id_inventario_registro 
    from
        inventario_registros ir1_0 
    where
        ir1_0.id_negocio=? 
        and ir1_0.id_producto=? 
    fetch
        first ? rows only
Hibernate: 
    insert 
    into
        clientes
        (pdc, saldo, usuario, id_cliente) 
    values
        (?, ?, ?, default)
Hibernate: 
    insert 
    into
        negocios
        (dia_apertura, dia_cierre, horario_apertura, horario_cierre, nombre, saldo, id_negocio) 
    values
        (?, ?, ?, ?, ?, ?, default)
Hibernate: 
    insert 
    into
        productos
        (id_inventario_registro, nombre, id_producto) 
    values
        (?, ?, default)
Hibernate: 
    select
        p1_0.id_producto,
        p1_0.id_inventario_registro,
        p1_0.nombre 
    from
        productos p1_0 
    where
        p1_0.nombre=?
Hibernate: 
    insert 
    into
        inventario_registros
        (id_negocio, precio_unitario, id_producto, recompensa_pdc, stock, id_inventario_registro) 
    values
        (?, ?, ?, ?, ?, default)
Hibernate: 
    insert 
    into
        productos
        (id_inventario_registro, nombre, id_producto) 
    values
        (?, ?, default)
Hibernate: 
    update
        inventario_registros 
    set
        id_negocio=?,
        precio_unitario=?,
        id_producto=?,
        recompensa_pdc=?,
        stock=? 
    where
        id_inventario_registro=?
Hibernate: 
    update
        productos 
    set
        id_inventario_registro=?,
        nombre=? 
    where
        id_producto=?
Hibernate: 
    select
        p1_0.id_producto,
        p1_0.id_inventario_registro,
        p1_0.nombre 
    from
        productos p1_0 
    where
        p1_0.nombre=?
Hibernate: 
    select
        c1_0.id_cliente,
        c1_0.pdc,
        c1_0.saldo,
        c1_0.usuario 
    from
        clientes c1_0 
    where
        c1_0.id_cliente=?
Hibernate: 
    insert 
    into
        clientes
        (pdc, saldo, usuario, id_cliente) 
    values
        (?, ?, ?, default)
Hibernate: 
    insert 
    into
        negocios
        (dia_apertura, dia_cierre, horario_apertura, horario_cierre, nombre, saldo, id_negocio) 
    values
        (?, ?, ?, ?, ?, ?, default)
Hibernate: 
    insert 
    into
        productos
        (id_inventario_registro, nombre, id_producto) 
    values
        (?, ?, default)
Hibernate: 
    select
        p1_0.id_producto,
        p1_0.id_inventario_registro,
        p1_0.nombre 
    from
        productos p1_0 
    where
        p1_0.nombre=?
Hibernate: 
    insert 
    into
        inventario_registros
        (id_negocio, precio_unitario, id_producto, recompensa_pdc, stock, id_inventario_registro) 
    values
        (?, ?, ?, ?, ?, default)
Hibernate: 
    insert 
    into
        productos
        (id_inventario_registro, nombre, id_producto) 
    values
        (?, ?, default)
Hibernate: 
    update
        inventario_registros 
    set
        id_negocio=?,
        precio_unitario=?,
        id_producto=?,
        recompensa_pdc=?,
        stock=? 
    where
        id_inventario_registro=?
Hibernate: 
    update
        productos 
    set
        id_inventario_registro=?,
        nombre=? 
    where
        id_producto=?
Hibernate: 
    select
        p1_0.id_producto,
        p1_0.id_inventario_registro,
        p1_0.nombre 
    from
        productos p1_0 
    where
        p1_0.nombre=?
Hibernate: 
    insert 
    into
        inventario_registros
        (id_negocio, precio_unitario, id_producto, recompensa_pdc, stock, id_inventario_registro) 
    values
        (?, ?, ?, ?, ?, default)
Hibernate: 
    insert 
    into
        productos
        (id_inventario_registro, nombre, id_producto) 
    values
        (?, ?, default)
Hibernate: 
    update
        inventario_registros 
    set
        id_negocio=?,
        precio_unitario=?,
        id_producto=?,
        recompensa_pdc=?,
        stock=? 
    where
        id_inventario_registro=?
Hibernate: 
    update
        productos 
    set
        id_inventario_registro=?,
        nombre=? 
    where
        id_producto=?
Hibernate: 
    select
        p1_0.id_producto,
        p1_0.id_inventario_registro,
        p1_0.nombre 
    from
        productos p1_0 
    where
        p1_0.nombre=?
Hibernate: 
    insert 
    into
        inventario_registros
        (id_negocio, precio_unitario, id_producto, recompensa_pdc, stock, id_inventario_registro) 
    values
        (?, ?, ?, ?, ?, default)
Hibernate: 
    insert 
    into
        productos
        (id_inventario_registro, nombre, id_producto) 
    values
        (?, ?, default)
Hibernate: 
    update
        inventario_registros 
    set
        id_negocio=?,
        precio_unitario=?,
        id_producto=?,
        recompensa_pdc=?,
        stock=? 
    where
        id_inventario_registro=?
Hibernate: 
    update
        productos 
    set
        id_inventario_registro=?,
        nombre=? 
    where
        id_producto=?
Hibernate: 
    select
        p1_0.id_producto,
        p1_0.id_inventario_registro,
        p1_0.nombre 
    from
        productos p1_0 
    where
        p1_0.nombre=?
Hibernate: 
    select
        p1_0.id_producto,
        p1_0.id_inventario_registro,
        p1_0.nombre 
    from
        productos p1_0 
    where
        p1_0.nombre=?
Hibernate: 
    select
        p1_0.id_producto,
        p1_0.id_inventario_registro,
        p1_0.nombre 
    from
        productos p1_0 
    where
        p1_0.nombre=?
Hibernate: 
    select
        ir1_0.id_inventario_registro 
    from
        inventario_registros ir1_0 
    where
        ir1_0.id_negocio=? 
        and ir1_0.id_producto=? 
    fetch
        first ? rows only
Hibernate: 
    select
        ir1_0.id_inventario_registro,
        ir1_0.id_negocio,
        ir1_0.precio_unitario,
        ir1_0.id_producto,
        ir1_0.recompensa_pdc,
        ir1_0.stock 
    from
        inventario_registros ir1_0 
    where
        ir1_0.id_negocio=? 
        and ir1_0.id_producto=?
Hibernate: 
    select
        ir1_0.id_inventario_registro 
    from
        inventario_registros ir1_0 
    where
        ir1_0.id_negocio=? 
        and ir1_0.id_producto=? 
    fetch
        first ? rows only
Hibernate: 
    select
        ir1_0.id_inventario_registro,
        ir1_0.id_negocio,
        ir1_0.precio_unitario,
        ir1_0.id_producto,
        ir1_0.recompensa_pdc,
        ir1_0.stock 
    from
        inventario_registros ir1_0 
    where
        ir1_0.id_negocio=? 
        and ir1_0.id_producto=?
Hibernate: 
    select
        ir1_0.id_inventario_registro 
    from
        inventario_registros ir1_0 
    where
        ir1_0.id_negocio=? 
        and ir1_0.id_producto=? 
    fetch
        first ? rows only
Hibernate: 
    select
        ir1_0.id_inventario_registro,
        ir1_0.id_negocio,
        ir1_0.precio_unitario,
        ir1_0.id_producto,
        ir1_0.recompensa_pdc,
        ir1_0.stock 
    from
        inventario_registros ir1_0 
    where
        ir1_0.id_negocio=? 
        and ir1_0.id_producto=?
Hibernate: 
    insert 
    into
        clientes
        (pdc, saldo, usuario, id_cliente) 
    values
        (?, ?, ?, default)
Hibernate: 
    insert 
    into
        negocios
        (dia_apertura, dia_cierre, horario_apertura, horario_cierre, nombre, saldo, id_negocio) 
    values
        (?, ?, ?, ?, ?, ?, default)
Hibernate: 
    insert 
    into
        productos
        (id_inventario_registro, nombre, id_producto) 
    values
        (?, ?, default)
Hibernate: 
    select
        p1_0.id_producto,
        p1_0.id_inventario_registro,
        p1_0.nombre 
    from
        productos p1_0 
    where
        p1_0.nombre=?
Hibernate: 
    insert 
    into
        inventario_registros
        (id_negocio, precio_unitario, id_producto, recompensa_pdc, stock, id_inventario_registro) 
    values
        (?, ?, ?, ?, ?, default)
Hibernate: 
    insert 
    into
        productos
        (id_inventario_registro, nombre, id_producto) 
    values
        (?, ?, default)
Hibernate: 
    update
        inventario_registros 
    set
        id_negocio=?,
        precio_unitario=?,
        id_producto=?,
        recompensa_pdc=?,
        stock=? 
    where
        id_inventario_registro=?
Hibernate: 
    update
        productos 
    set
        id_inventario_registro=?,
        nombre=? 
    where
        id_producto=?
Hibernate: 
    select
        p1_0.id_producto,
        p1_0.id_inventario_registro,
        p1_0.nombre 
    from
        productos p1_0 
    where
        p1_0.nombre=?
Hibernate: 
    select
        n1_0.id_negocio,
        n1_0.dia_apertura,
        n1_0.dia_cierre,
        n1_0.horario_apertura,
        n1_0.horario_cierre,
        n1_0.nombre,
        n1_0.saldo 
    from
        negocios n1_0 
    where
        n1_0.id_negocio=?
Hibernate: 
    insert 
    into
        clientes
        (pdc, saldo, usuario, id_cliente) 
    values
        (?, ?, ?, default)
Hibernate: 
    insert 
    into
        negocios
        (dia_apertura, dia_cierre, horario_apertura, horario_cierre, nombre, saldo, id_negocio) 
    values
        (?, ?, ?, ?, ?, ?, default)
Hibernate: 
    insert 
    into
        productos
        (id_inventario_registro, nombre, id_producto) 
    values
        (?, ?, default)
Hibernate: 
    select
        p1_0.id_producto,
        p1_0.id_inventario_registro,
        p1_0.nombre 
    from
        productos p1_0 
    where
        p1_0.nombre=?
Hibernate: 
    insert 
    into
        inventario_registros
        (id_negocio, precio_unitario, id_producto, recompensa_pdc, stock, id_inventario_registro) 
    values
        (?, ?, ?, ?, ?, default)
Hibernate: 
    insert 
    into
        productos
        (id_inventario_registro, nombre, id_producto) 
    values
        (?, ?, default)
Hibernate: 
    update
        inventario_registros 
    set
        id_negocio=?,
        precio_unitario=?,
        id_producto=?,
        recompensa_pdc=?,
        stock=? 
    where
        id_inventario_registro=?
Hibernate: 
    update
        productos 
    set
        id_inventario_registro=?,
        nombre=? 
    where
        id_producto=?
Hibernate: 
    select
        p1_0.id_producto,
        p1_0.id_inventario_registro,
        p1_0.nombre 
    from
        productos p1_0 
    where
        p1_0.nombre=?
Hibernate: 
    select
        ir1_0.id_inventario_registro 
    from
        inventario_registros ir1_0 
    where
        ir1_0.id_negocio=? 
        and ir1_0.id_producto=? 
    fetch
        first ? rows only
Hibernate: 
    insert 
    into
        clientes
        (pdc, saldo, usuario, id_cliente) 
    values
        (?, ?, ?, default)
Hibernate: 
    insert 
    into
        negocios
        (dia_apertura, dia_cierre, horario_apertura, horario_cierre, nombre, saldo, id_negocio) 
    values
        (?, ?, ?, ?, ?, ?, default)
Hibernate: 
    insert 
    into
        productos
        (id_inventario_registro, nombre, id_producto) 
    values
        (?, ?, default)
Hibernate: 
    select
        p1_0.id_producto,
        p1_0.id_inventario_registro,
        p1_0.nombre 
    from
        productos p1_0 
    where
        p1_0.nombre=?
Hibernate: 
    insert 
    into
        inventario_registros
        (id_negocio, precio_unitario, id_producto, recompensa_pdc, stock, id_inventario_registro) 
    values
        (?, ?, ?, ?, ?, default)
Hibernate: 
    insert 
    into
        productos
        (id_inventario_registro, nombre, id_producto) 
    values
        (?, ?, default)
Hibernate: 
    update
        inventario_registros 
    set
        id_negocio=?,
        precio_unitario=?,
        id_producto=?,
        recompensa_pdc=?,
        stock=? 
    where
        id_inventario_registro=?
Hibernate: 
    update
        productos 
    set
        id_inventario_registro=?,
        nombre=? 
    where
        id_producto=?
Hibernate: 
    select
        p1_0.id_producto,
        p1_0.id_inventario_registro,
        p1_0.nombre 
    from
        productos p1_0 
    where
        p1_0.nombre=?
Hibernate: 
    select
        ir1_0.id_inventario_registro 
    from
        inventario_registros ir1_0 
    where
        ir1_0.id_negocio=? 
        and ir1_0.id_producto=? 
    fetch
        first ? rows only
Hibernate: 
    select
        ir1_0.id_inventario_registro,
        ir1_0.id_negocio,
        ir1_0.precio_unitario,
        ir1_0.id_producto,
        ir1_0.recompensa_pdc,
        ir1_0.stock 
    from
        inventario_registros ir1_0 
    where
        ir1_0.id_negocio=? 
        and ir1_0.id_producto=?
Hibernate: 
    insert 
    into
        pedidos
        (id_cliente, estado, fecha_y_hora_entrega, id_negocio, precio_total, id_pedido) 
    values
        (?, ?, ?, ?, ?, default)
Hibernate: 
    select
        ir1_0.id_inventario_registro,
        ir1_0.id_negocio,
        ir1_0.precio_unitario,
        ir1_0.id_producto,
        ir1_0.recompensa_pdc,
        ir1_0.stock 
    from
        inventario_registros ir1_0 
    where
        ir1_0.id_negocio=? 
        and ir1_0.id_producto=?
Hibernate: 
    insert 
    into
        productos_pedidos
        (cantidad, id_pedido, id_producto, id_producto_pedido) 
    values
        (?, ?, ?, default)
Hibernate: 
    insert 
    into
        clientes
        (pdc, saldo, usuario, id_cliente) 
    values
        (?, ?, ?, default)
Hibernate: 
    insert 
    into
        negocios
        (dia_apertura, dia_cierre, horario_apertura, horario_cierre, nombre, saldo, id_negocio) 
    values
        (?, ?, ?, ?, ?, ?, default)
Hibernate: 
    insert 
    into
        productos
        (id_inventario_registro, nombre, id_producto) 
    values
        (?, ?, default)
Hibernate: 
    select
        p1_0.id_producto,
        p1_0.id_inventario_registro,
        p1_0.nombre 
    from
        productos p1_0 
    where
        p1_0.nombre=?
Hibernate: 
    insert 
    into
        inventario_registros
        (id_negocio, precio_unitario, id_producto, recompensa_pdc, stock, id_inventario_registro) 
    values
        (?, ?, ?, ?, ?, default)
Hibernate: 
    insert 
    into
        productos
        (id_inventario_registro, nombre, id_producto) 
    values
        (?, ?, default)
Hibernate: 
    update
        inventario_registros 
    set
        id_negocio=?,
        precio_unitario=?,
        id_producto=?,
        recompensa_pdc=?,
        stock=? 
    where
        id_inventario_registro=?
Hibernate: 
    update
        productos 
    set
        id_inventario_registro=?,
        nombre=? 
    where
        id_producto=?
Hibernate: 
    select
        p1_0.id_producto,
        p1_0.id_inventario_registro,
        p1_0.nombre 
    from
        productos p1_0 
    where
        p1_0.nombre=?
Hibernate: 
    insert 
    into
        pedidos
        (id_cliente, estado, fecha_y_hora_entrega, id_negocio, precio_total, id_pedido) 
    values
        (?, ?, ?, ?, ?, default)
Hibernate: 
    select
        ir1_0.id_inventario_registro,
        ir1_0.id_negocio,
        ir1_0.precio_unitario,
        ir1_0.id_producto,
        ir1_0.recompensa_pdc,
        ir1_0.stock 
    from
        inventario_registros ir1_0 
    where
        ir1_0.id_negocio=? 
        and ir1_0.id_producto=?
Hibernate: 
    insert 
    into
        productos_pedidos
        (cantidad, id_pedido, id_producto, id_producto_pedido) 
    values
        (?, ?, ?, default)
Hibernate: 
    insert 
    into
        clientes
        (pdc, saldo, usuario, id_cliente) 
    values
        (?, ?, ?, default)
Hibernate: 
    insert 
    into
        negocios
        (dia_apertura, dia_cierre, horario_apertura, horario_cierre, nombre, saldo, id_negocio) 
    values
        (?, ?, ?, ?, ?, ?, default)
Hibernate: 
    insert 
    into
        productos
        (id_inventario_registro, nombre, id_producto) 
    values
        (?, ?, default)
Hibernate: 
    insert 
    into
        pedidos
        (id_cliente, estado, fecha_y_hora_entrega, id_negocio, precio_total, id_pedido) 
    values
        (?, ?, ?, ?, ?, default)
Hibernate: 
    insert 
    into
        pedidos
        (id_cliente, estado, fecha_y_hora_entrega, id_negocio, precio_total, id_pedido) 
    values
        (?, ?, ?, ?, ?, default)
Hibernate: 
    insert 
    into
        pedidos
        (id_cliente, estado, fecha_y_hora_entrega, id_negocio, precio_total, id_pedido) 
    values
        (?, ?, ?, ?, ?, default)
Hibernate: 
    select
        p1_0.id_pedido,
        p1_0.id_cliente,
        p1_0.estado,
        p1_0.fecha_y_hora_entrega,
        p1_0.id_negocio,
        p1_0.precio_total 
    from
        pedidos p1_0
]]></system-out>
  <system-err><![CDATA[]]></system-err>
</testsuite>
