<?xml version="1.0" encoding="UTF-8"?>
<testsuite name="com.dcnt.take_away_now.PuntosDeConfianzaTests" tests="9" skipped="0" failures="0" errors="0" timestamp="2024-01-23T23:29:27" hostname="LGG-W10" time="0.04">
  <properties/>
  <testcase name="conviertoDiezPuntosDeConfianzaEnInteger()" classname="com.dcnt.take_away_now.PuntosDeConfianzaTests" time="0.007"/>
  <testcase name="conviertoVariableIntegerConValIgualADiezAValueObjectPuntosDeConfianzaConCantidadIgualADiez()" classname="com.dcnt.take_away_now.PuntosDeConfianzaTests" time="0.007"/>
  <testcase name="sumar50APuntosConCantidad100ElResultadoEs150()" classname="com.dcnt.take_away_now.PuntosDeConfianzaTests" time="0.001"/>
  <testcase name="alMultiplicarPuntosConCantidad100PorMenosUnoSeLanzaUnError()" classname="com.dcnt.take_away_now.PuntosDeConfianzaTests" time="0.003"/>
  <testcase name="restar150APuntosConCantidad100ElResultadoEsMenos50()" classname="com.dcnt.take_away_now.PuntosDeConfianzaTests" time="0.002"/>
  <testcase name="contextLoads()" classname="com.dcnt.take_away_now.PuntosDeConfianzaTests" time="0.001"/>
  <testcase name="alMultiplicarPuntosConCantidad100Por5ElResultadoEs500()" classname="com.dcnt.take_away_now.PuntosDeConfianzaTests" time="0.001"/>
  <testcase name="sumarPuntosConCantidad100YPuntosConCantidad50ElResultadoEs150()" classname="com.dcnt.take_away_now.PuntosDeConfianzaTests" time="0.001"/>
  <testcase name="restarPuntosConCantidad100YPuntosConCantidad50ElResultadoEs50()" classname="com.dcnt.take_away_now.PuntosDeConfianzaTests" time="0.002"/>
  <system-out><![CDATA[]]></system-out>
  <system-err><![CDATA[]]></system-err>
</testsuite>
