<?xml version="1.0" encoding="UTF-8"?>
<testsuite name="com.dcnt.take_away_now.controller.NegocioControllerTest" tests="9" skipped="0" failures="0" errors="0" timestamp="2024-01-23T17:32:41" hostname="LGG-W10" time="0.352">
  <properties/>
  <testcase name="modificarHorariosDelNegocio()" classname="com.dcnt.take_away_now.controller.NegocioControllerTest" time="0.076"/>
  <testcase name="eliminarProducto()" classname="com.dcnt.take_away_now.controller.NegocioControllerTest" time="0.007"/>
  <testcase name="sePuedeCrearProductoNuevo()" classname="com.dcnt.take_away_now.controller.NegocioControllerTest" time="0.15"/>
  <testcase name="obtenerProductos()" classname="com.dcnt.take_away_now.controller.NegocioControllerTest" time="0.056"/>
  <testcase name="sePuedeCrearNegocio()" classname="com.dcnt.take_away_now.controller.NegocioControllerTest" time="0.008"/>
  <testcase name="modificarProducto()" classname="com.dcnt.take_away_now.controller.NegocioControllerTest" time="0.003"/>
  <testcase name="noSePuedeCrearNegocioSiFaltanDatos()" classname="com.dcnt.take_away_now.controller.NegocioControllerTest" time="0.01"/>
  <testcase name="modificarDiasDeAperturaDelNegocio()" classname="com.dcnt.take_away_now.controller.NegocioControllerTest" time="0.003"/>
  <testcase name="obtenerNegocios()" classname="com.dcnt.take_away_now.controller.NegocioControllerTest" time="0.015"/>
  <system-out><![CDATA[2024-01-23T14:32:39.782-03:00  INFO 16708 --- [    Test worker] t.c.s.AnnotationConfigContextLoaderUtils : Could not detect default configuration classes for test class [com.dcnt.take_away_now.controller.NegocioControllerTest]: NegocioControllerTest does not declare any static, non-private, non-final, nested classes annotated with @Configuration.
2024-01-23T14:32:39.845-03:00  INFO 16708 --- [    Test worker] .b.t.c.SpringBootTestContextBootstrapper : Found @SpringBootConfiguration com.dcnt.take_away_now.TakeAwayNowApplication for test class com.dcnt.take_away_now.controller.NegocioControllerTest

  .   ____          _            __ _ _
 /\\ / ___'_ __ _ _(_)_ __  __ _ \ \ \ \
( ( )\___ | '_ | '_| | '_ \/ _` | \ \ \ \
 \\/  ___)| |_)| | | | | || (_| |  ) ) ) )
  '  |____| .__|_| |_|_| |_\__, | / / / /
 =========|_|==============|___/=/_/_/_/
 :: Spring Boot ::                (v3.2.0)

2024-01-23T14:32:39.880-03:00  INFO 16708 --- [    Test worker] c.d.t.controller.NegocioControllerTest   : Starting NegocioControllerTest using Java 21.0.1 with PID 16708 (started by Lautaro in D:\dcnt\DCNT-TakeAwayNow)
2024-01-23T14:32:39.881-03:00  INFO 16708 --- [    Test worker] c.d.t.controller.NegocioControllerTest   : No active profile set, falling back to 1 default profile: "default"
2024-01-23T14:32:40.980-03:00  INFO 16708 --- [    Test worker] o.s.b.t.m.w.SpringBootMockServletContext : Initializing Spring TestDispatcherServlet ''
2024-01-23T14:32:40.980-03:00  INFO 16708 --- [    Test worker] o.s.t.web.servlet.TestDispatcherServlet  : Initializing Servlet ''
2024-01-23T14:32:40.998-03:00  INFO 16708 --- [    Test worker] o.s.t.web.servlet.TestDispatcherServlet  : Completed initialization in 8 ms
2024-01-23T14:32:41.018-03:00  INFO 16708 --- [    Test worker] c.d.t.controller.NegocioControllerTest   : Started NegocioControllerTest in 1.168 seconds (process running for 11.593)
2024-01-23T14:32:41.363-03:00  WARN 16708 --- [    Test worker] .w.s.m.s.DefaultHandlerExceptionResolver : Resolved [org.springframework.web.bind.MissingServletRequestParameterException: Required request parameter 'nombre' for method parameter type String is not present]
]]></system-out>
  <system-err><![CDATA[]]></system-err>
</testsuite>
