<?xml version="1.0" encoding="UTF-8"?>
<testsuite name="com.dcnt.take_away_now.controller.NegocioControllerTest" tests="9" skipped="0" failures="0" errors="0" timestamp="2024-01-17T02:38:28" hostname="DESKTOP-FB7HCB6" time="0.545">
  <properties/>
  <testcase name="modificarHorariosDelNegocio()" classname="com.dcnt.take_away_now.controller.NegocioControllerTest" time="0.114"/>
  <testcase name="eliminarProducto()" classname="com.dcnt.take_away_now.controller.NegocioControllerTest" time="0.007"/>
  <testcase name="sePuedeCrearProductoNuevo()" classname="com.dcnt.take_away_now.controller.NegocioControllerTest" time="0.241"/>
  <testcase name="obtenerProductos()" classname="com.dcnt.take_away_now.controller.NegocioControllerTest" time="0.077"/>
  <testcase name="sePuedeCrearNegocio()" classname="com.dcnt.take_away_now.controller.NegocioControllerTest" time="0.008"/>
  <testcase name="modificarProducto()" classname="com.dcnt.take_away_now.controller.NegocioControllerTest" time="0.008"/>
  <testcase name="noSePuedeCrearNegocioSiFaltanDatos()" classname="com.dcnt.take_away_now.controller.NegocioControllerTest" time="0.031"/>
  <testcase name="modificarDiasDeAperturaDelNegocio()" classname="com.dcnt.take_away_now.controller.NegocioControllerTest" time="0.011"/>
  <testcase name="obtenerNegocios()" classname="com.dcnt.take_away_now.controller.NegocioControllerTest" time="0.013"/>
  <system-out><![CDATA[2024-01-16T23:38:26.869-03:00  INFO 18188 --- [    Test worker] t.c.s.AnnotationConfigContextLoaderUtils : Could not detect default configuration classes for test class [com.dcnt.take_away_now.controller.NegocioControllerTest]: NegocioControllerTest does not declare any static, non-private, non-final, nested classes annotated with @Configuration.
2024-01-16T23:38:26.929-03:00  INFO 18188 --- [    Test worker] .b.t.c.SpringBootTestContextBootstrapper : Found @SpringBootConfiguration com.dcnt.take_away_now.TakeAwayNowApplication for test class com.dcnt.take_away_now.controller.NegocioControllerTest

  .   ____          _            __ _ _
 /\\ / ___'_ __ _ _(_)_ __  __ _ \ \ \ \
( ( )\___ | '_ | '_| | '_ \/ _` | \ \ \ \
 \\/  ___)| |_)| | | | | || (_| |  ) ) ) )
  '  |____| .__|_| |_|_| |_\__, | / / / /
 =========|_|==============|___/=/_/_/_/
 :: Spring Boot ::                (v3.2.0)

2024-01-16T23:38:26.985-03:00  INFO 18188 --- [    Test worker] c.d.t.controller.NegocioControllerTest   : Starting NegocioControllerTest using Java 17.0.9 with PID 18188 (started by santiago in C:\Users\santiago\OneDrive\Escritorio\take_away_now\take_away_now)
2024-01-16T23:38:26.985-03:00  INFO 18188 --- [    Test worker] c.d.t.controller.NegocioControllerTest   : No active profile set, falling back to 1 default profile: "default"
2024-01-16T23:38:28.178-03:00  INFO 18188 --- [    Test worker] o.s.b.t.m.w.SpringBootMockServletContext : Initializing Spring TestDispatcherServlet ''
2024-01-16T23:38:28.178-03:00  INFO 18188 --- [    Test worker] o.s.t.web.servlet.TestDispatcherServlet  : Initializing Servlet ''
2024-01-16T23:38:28.183-03:00  INFO 18188 --- [    Test worker] o.s.t.web.servlet.TestDispatcherServlet  : Completed initialization in 2 ms
2024-01-16T23:38:28.209-03:00  INFO 18188 --- [    Test worker] c.d.t.controller.NegocioControllerTest   : Started NegocioControllerTest in 1.274 seconds (process running for 18.303)
2024-01-16T23:38:28.749-03:00  WARN 18188 --- [    Test worker] .w.s.m.s.DefaultHandlerExceptionResolver : Resolved [org.springframework.web.bind.MissingServletRequestParameterException: Required request parameter 'nombre' for method parameter type String is not present]
]]></system-out>
  <system-err><![CDATA[]]></system-err>
</testsuite>
