<?xml version="1.0" encoding="UTF-8"?>
<testsuite name="com.dcnt.take_away_now.NegocioTests" tests="5" skipped="0" failures="0" errors="0" timestamp="2024-01-18T14:53:05" hostname="DESKTOP-FB7HCB6" time="0.023">
  <properties/>
  <testcase name="crearUnNegocioConElHorarioDeAperturaPosteriorAlDeCierreLanzaException()" classname="com.dcnt.take_away_now.NegocioTests" time="0.012"/>
  <testcase name="unNegocioSeEncuentraAbiertoSiAbreDeLunesAViernesYPreguntoUnJueves()" classname="com.dcnt.take_away_now.NegocioTests" time="0.004"/>
  <testcase name="unNegocioSeEncuentraCerradoSiAbreDeLunesAViernesYPreguntoUnSabado()" classname="com.dcnt.take_away_now.NegocioTests" time="0.0"/>
  <testcase name="contextLoads()" classname="com.dcnt.take_away_now.NegocioTests" time="0.001"/>
  <testcase name="unNegocioSeEncuentraCerradoSiAbreDeLunesAViernesDe9A18YPreguntoUnMartesPorLaMadrugada()" classname="com.dcnt.take_away_now.NegocioTests" time="0.001"/>
  <system-out><![CDATA[]]></system-out>
  <system-err><![CDATA[]]></system-err>
</testsuite>
