<?xml version="1.0" encoding="UTF-8"?>
<testsuite name="com.dcnt.take_away_now.controller.NegocioControllerTest" tests="9" skipped="0" failures="0" errors="0" timestamp="2024-01-23T20:14:42" hostname="LGG-W10" time="0.578">
  <properties/>
  <testcase name="modificarHorariosDelNegocio()" classname="com.dcnt.take_away_now.controller.NegocioControllerTest" time="0.151"/>
  <testcase name="eliminarProducto()" classname="com.dcnt.take_away_now.controller.NegocioControllerTest" time="0.006"/>
  <testcase name="sePuedeCrearProductoNuevo()" classname="com.dcnt.take_away_now.controller.NegocioControllerTest" time="0.238"/>
  <testcase name="obtenerProductos()" classname="com.dcnt.take_away_now.controller.NegocioControllerTest" time="0.094"/>
  <testcase name="sePuedeCrearNegocio()" classname="com.dcnt.take_away_now.controller.NegocioControllerTest" time="0.03"/>
  <testcase name="modificarProducto()" classname="com.dcnt.take_away_now.controller.NegocioControllerTest" time="0.005"/>
  <testcase name="noSePuedeCrearNegocioSiFaltanDatos()" classname="com.dcnt.take_away_now.controller.NegocioControllerTest" time="0.015"/>
  <testcase name="modificarDiasDeAperturaDelNegocio()" classname="com.dcnt.take_away_now.controller.NegocioControllerTest" time="0.005"/>
  <testcase name="obtenerNegocios()" classname="com.dcnt.take_away_now.controller.NegocioControllerTest" time="0.014"/>
  <system-out><![CDATA[2024-01-23T17:14:40.700-03:00  INFO 9752 --- [    Test worker] t.c.s.AnnotationConfigContextLoaderUtils : Could not detect default configuration classes for test class [com.dcnt.take_away_now.controller.NegocioControllerTest]: NegocioControllerTest does not declare any static, non-private, non-final, nested classes annotated with @Configuration.
2024-01-23T17:14:40.909-03:00  INFO 9752 --- [    Test worker] .b.t.c.SpringBootTestContextBootstrapper : Found @SpringBootConfiguration com.dcnt.take_away_now.TakeAwayNowApplication for test class com.dcnt.take_away_now.controller.NegocioControllerTest

  .   ____          _            __ _ _
 /\\ / ___'_ __ _ _(_)_ __  __ _ \ \ \ \
( ( )\___ | '_ | '_| | '_ \/ _` | \ \ \ \
 \\/  ___)| |_)| | | | | || (_| |  ) ) ) )
  '  |____| .__|_| |_|_| |_\__, | / / / /
 =========|_|==============|___/=/_/_/_/
 :: Spring Boot ::                (v3.2.0)

2024-01-23T17:14:40.970-03:00  INFO 9752 --- [    Test worker] c.d.t.controller.NegocioControllerTest   : Starting NegocioControllerTest using Java 21.0.1 with PID 9752 (started by Lautaro in D:\dcnt\DCNT-TakeAwayNow)
2024-01-23T17:14:40.970-03:00  INFO 9752 --- [    Test worker] c.d.t.controller.NegocioControllerTest   : No active profile set, falling back to 1 default profile: "default"
2024-01-23T17:14:42.313-03:00  INFO 9752 --- [    Test worker] o.s.b.t.m.w.SpringBootMockServletContext : Initializing Spring TestDispatcherServlet ''
2024-01-23T17:14:42.314-03:00  INFO 9752 --- [    Test worker] o.s.t.web.servlet.TestDispatcherServlet  : Initializing Servlet ''
2024-01-23T17:14:42.320-03:00  INFO 9752 --- [    Test worker] o.s.t.web.servlet.TestDispatcherServlet  : Completed initialization in 3 ms
2024-01-23T17:14:42.340-03:00  INFO 9752 --- [    Test worker] c.d.t.controller.NegocioControllerTest   : Started NegocioControllerTest in 1.423 seconds (process running for 11.63)
2024-01-23T17:14:43.030-03:00  WARN 9752 --- [    Test worker] .w.s.m.s.DefaultHandlerExceptionResolver : Resolved [org.springframework.web.bind.MissingServletRequestParameterException: Required request parameter 'nombre' for method parameter type String is not present]
]]></system-out>
  <system-err><![CDATA[]]></system-err>
</testsuite>
